2026-04-23T14:44:17.061694Z  INFO tailwindcss_oxide::scanner: Provided sources:
2026-04-23T14:44:17.061934Z  INFO tailwindcss_oxide::scanner: Source: PublicSourceEntry { base: "/app", pattern: "**/*", negated: false }
2026-04-23T14:44:17.062041Z  INFO tailwindcss_oxide::scanner: Optimized sources:
2026-04-23T14:44:17.062118Z  INFO tailwindcss_oxide::scanner: Source: Auto { base: "/app" }
2026-04-23T14:44:17.066041Z  INFO discover_sources: tailwindcss_oxide::scanner: enter
2026-04-23T14:44:17.066194Z  INFO discover_sources:walk_synchronous: tailwindcss_oxide::scanner: enter
2026-04-23T14:44:17.081652Z  INFO discover_sources:walk_synchronous: tailwindcss_oxide::scanner: exit
2026-04-23T14:44:17.084431Z  INFO tailwindcss_oxide::scanner: Reading "/app/Dockerfile"
2026-04-23T14:44:17.084491Z  INFO tailwindcss_oxide::scanner: Reading "/app/app/modules/news/pages/news-item/NewsItem.tsx"
2026-04-23T14:44:17.084435Z  INFO tailwindcss_oxide::scanner: Reading "/app/app/modules/profile/api/index.ts"
2026-04-23T14:44:17.084435Z  INFO tailwindcss_oxide::scanner: Reading "/app/app/modules/profile/ui/profile-widget/ProfileWidget.tsx"
2026-04-23T14:44:17.084451Z  INFO tailwindcss_oxide::scanner: Reading "/app/app/shared/layout/CenterContent.tsx"
2026-04-23T14:44:17.084482Z  INFO tailwindcss_oxide::scanner: Reading "/app/app/modules/news/api/index.ts"
2026-04-23T14:44:17.084493Z  INFO tailwindcss_oxide::scanner: Reading "/app/app/root.tsx"
2026-04-23T14:44:17.086113Z  INFO tailwindcss_oxide::scanner: Reading "/app/app/modules/profile/types/index.ts"
2026-04-23T14:44:17.085104Z  INFO tailwindcss_oxide::scanner: Reading "/app/react-router.config.ts"
2026-04-23T14:44:17.085434Z  INFO tailwindcss_oxide::scanner: Reading "/app/app/modules/news/pages/news-dialog/NewsDialog.tsx"
2026-04-23T14:44:17.085714Z  INFO tailwindcss_oxide::scanner: Reading "/app/app/modules/profile/service/index.ts"
2026-04-23T14:44:17.084432Z  INFO tailwindcss_oxide::scanner: Reading "/app/app/routes.ts"
2026-04-23T14:44:17.087218Z  INFO tailwindcss_oxide::scanner: Reading "/app/app/modules/news/routes/index.ts"
2026-04-23T14:44:17.086505Z  INFO tailwindcss_oxide::scanner: Reading "/app/app/modules/news/service/index.ts"
2026-04-23T14:44:17.086797Z  INFO tailwindcss_oxide::scanner: Reading "/app/app/modules/profile/ui/profile-widget/auth-user/edit-profile/EditProfile.tsx"
2026-04-23T14:44:17.086809Z  INFO tailwindcss_oxide::scanner: Reading "/app/app/modules/profile/lib/is-user-auth.ts"
2026-04-23T14:44:17.087118Z  INFO tailwindcss_oxide::scanner: Reading "/app/README.md"
2026-04-23T14:44:17.088286Z  INFO tailwindcss_oxide::scanner: Reading "/app/app/modules/profile/ui/profile-widget/auth-user/AuthUserWidget.tsx"
2026-04-23T14:44:17.088393Z  INFO tailwindcss_oxide::scanner: Reading "/app/.dockerignore"
2026-04-23T14:44:17.087809Z  INFO tailwindcss_oxide::scanner: Reading "/app/app/modules/news/pages/NewsFeed.tsx"
2026-04-23T14:44:17.088922Z  INFO tailwindcss_oxide::scanner: Reading "/app/tsconfig.json"
2026-04-23T14:44:17.089118Z  INFO tailwindcss_oxide::scanner: Reading "/app/app/modules/profile/ui/profile-widget/not-auth-user/NotUserAuth.tsx"
2026-04-23T14:44:17.086427Z  INFO tailwindcss_oxide::scanner: Reading "/app/app/shared/api/http.ts"
2026-04-23T14:44:17.087467Z  INFO tailwindcss_oxide::scanner: Reading "/app/app/modules/profile/store/index.ts"
2026-04-23T14:44:17.088039Z  INFO tailwindcss_oxide::scanner: Reading "/app/app/store/store.ts"
2026-04-23T14:44:17.088133Z  INFO tailwindcss_oxide::scanner: Reading "/app/app/modules/news/types/index.ts"
2026-04-23T14:44:17.089175Z  INFO tailwindcss_oxide::scanner: Reading "/app/package.json"
2026-04-23T14:44:17.089364Z  INFO tailwindcss_oxide::scanner: Reading "/app/vite.config.ts"
2026-04-23T14:44:17.089907Z  INFO discover_sources: tailwindcss_oxide::scanner: exit
2026-04-23T14:44:17.090009Z  INFO extract_candidates: tailwindcss_oxide::scanner: enter
2026-04-23T14:44:17.090064Z  INFO extract_candidates:parse_all_blobs: tailwindcss_oxide::scanner: enter
2026-04-23T14:44:17.090162Z  INFO extract_candidates:parse_all_blobs:extract: tailwindcss_oxide::scanner: enter
2026-04-23T14:44:17.093922Z  INFO extract_candidates:parse_all_blobs:extract: tailwindcss_oxide::scanner: exit
2026-04-23T14:44:17.094006Z  INFO extract_candidates:parse_all_blobs: tailwindcss_oxide::scanner: exit
2026-04-23T14:44:17.094039Z  INFO extract_candidates:read_all_files: tailwindcss_oxide::scanner: enter
2026-04-23T14:44:17.094066Z  INFO extract_candidates:read_all_files: tailwindcss_oxide::scanner: Reading 1 file(s)
2026-04-23T14:44:17.094237Z  INFO extract_candidates:read_all_files: tailwindcss_oxide::scanner: Reading "/app/app/app.css"
2026-04-23T14:44:17.094278Z  INFO extract_candidates:read_all_files: tailwindcss_oxide::scanner: exit
2026-04-23T14:44:17.094311Z  INFO extract_candidates:extract_css_variables: tailwindcss_oxide::scanner: enter
2026-04-23T14:44:17.094342Z  INFO extract_candidates:extract_css_variables:extract: tailwindcss_oxide::scanner: enter
2026-04-23T14:44:17.094491Z  INFO extract_candidates:extract_css_variables:extract: tailwindcss_oxide::scanner: exit
2026-04-23T14:44:17.094591Z  INFO extract_candidates:extract_css_variables: tailwindcss_oxide::scanner: exit
2026-04-23T14:44:17.094697Z  INFO extract_candidates: tailwindcss_oxide::scanner: exit
2026-04-23T14:44:17.095321Z  INFO get_files: tailwindcss_oxide::scanner: enter
2026-04-23T14:44:17.095366Z  INFO get_files:discover_sources: tailwindcss_oxide::scanner: enter
2026-04-23T14:44:17.095394Z  INFO get_files:discover_sources: tailwindcss_oxide::scanner: exit
2026-04-23T14:44:17.095500Z  INFO get_files: tailwindcss_oxide::scanner: exit
2026-04-23T14:44:17.095715Z  INFO get_globs: tailwindcss_oxide::scanner: enter
2026-04-23T14:44:17.095856Z  INFO get_globs:discover_sources: tailwindcss_oxide::scanner: enter
2026-04-23T14:44:17.095891Z  INFO get_globs:discover_sources: tailwindcss_oxide::scanner: exit
2026-04-23T14:44:17.103345Z  INFO get_globs: tailwindcss_oxide::scanner: exit
2026-04-23T14:44:17.270907Z  INFO tailwindcss_oxide::scanner: Provided sources:
2026-04-23T14:44:17.271251Z  INFO tailwindcss_oxide::scanner: Source: PublicSourceEntry { base: "/app", pattern: "**/*", negated: false }
2026-04-23T14:44:17.271348Z  INFO tailwindcss_oxide::scanner: Optimized sources:
2026-04-23T14:44:17.271850Z  INFO tailwindcss_oxide::scanner: Source: Auto { base: "/app" }
2026-04-23T14:44:18.130977Z  INFO tailwindcss_oxide::scanner: Provided sources:
2026-04-23T14:44:18.131117Z  INFO tailwindcss_oxide::scanner: Source: PublicSourceEntry { base: "/app", pattern: "**/*", negated: false }
2026-04-23T14:44:18.131230Z  INFO tailwindcss_oxide::scanner: Optimized sources:
2026-04-23T14:44:18.131285Z  INFO tailwindcss_oxide::scanner: Source: Auto { base: "/app" }
2026-04-23T14:44:18.573160Z  INFO tailwindcss_oxide::scanner: Provided sources:
2026-04-23T14:44:18.573827Z  INFO tailwindcss_oxide::scanner: Source: PublicSourceEntry { base: "/app", pattern: "**/*", negated: false }
2026-04-23T14:44:18.574318Z  INFO tailwindcss_oxide::scanner: Optimized sources:
2026-04-23T14:44:18.574401Z  INFO tailwindcss_oxide::scanner: Source: Auto { base: "/app" }
2026-04-23T14:44:18.574750Z  INFO discover_sources: tailwindcss_oxide::scanner: enter
2026-04-23T14:44:18.575386Z  INFO discover_sources:walk_synchronous: tailwindcss_oxide::scanner: enter
2026-04-23T14:44:18.597289Z  INFO discover_sources:walk_synchronous: tailwindcss_oxide::scanner: exit
2026-04-23T14:44:18.597975Z  INFO tailwindcss_oxide::scanner: Reading "/app/app/modules/news/api/index.ts"
2026-04-23T14:44:18.597992Z  INFO tailwindcss_oxide::scanner: Reading "/app/app/routes.ts"
2026-04-23T14:44:18.597998Z  INFO tailwindcss_oxide::scanner: Reading "/app/app/modules/profile/ui/profile-widget/ProfileWidget.tsx"
2026-04-23T14:44:18.598002Z  INFO tailwindcss_oxide::scanner: Reading "/app/Dockerfile"
2026-04-23T14:44:18.598709Z  INFO tailwindcss_oxide::scanner: Reading "/app/app/shared/api/http.ts"
2026-04-23T14:44:18.598841Z  INFO tailwindcss_oxide::scanner: Reading "/app/app/modules/profile/types/index.ts"
2026-04-23T14:44:18.598922Z  INFO tailwindcss_oxide::scanner: Reading "/app/README.md"
2026-04-23T14:44:18.598639Z  INFO tailwindcss_oxide::scanner: Reading "/app/app/shared/layout/CenterContent.tsx"
2026-04-23T14:44:18.598616Z  INFO tailwindcss_oxide::scanner: Reading "/app/app/modules/news/service/index.ts"
2026-04-23T14:44:18.598021Z  INFO tailwindcss_oxide::scanner: Reading "/app/app/root.tsx"
2026-04-23T14:44:18.598036Z  INFO tailwindcss_oxide::scanner: Reading "/app/react-router.config.ts"
2026-04-23T14:44:18.598041Z  INFO tailwindcss_oxide::scanner: Reading "/app/.dockerignore"
2026-04-23T14:44:18.599034Z  INFO tailwindcss_oxide::scanner: Reading "/app/app/modules/profile/api/index.ts"
2026-04-23T14:44:18.599753Z  INFO tailwindcss_oxide::scanner: Reading "/app/app/modules/profile/ui/profile-widget/auth-user/edit-profile/EditProfile.tsx"
2026-04-23T14:44:18.599412Z  INFO tailwindcss_oxide::scanner: Reading "/app/app/modules/news/pages/news-item/NewsItem.tsx"
2026-04-23T14:44:18.599443Z  INFO tailwindcss_oxide::scanner: Reading "/app/app/modules/profile/ui/profile-widget/auth-user/AuthUserWidget.tsx"
2026-04-23T14:44:18.600077Z  INFO tailwindcss_oxide::scanner: Reading "/app/app/modules/news/routes/index.ts"
2026-04-23T14:44:18.599187Z  INFO tailwindcss_oxide::scanner: Reading "/app/app/modules/profile/lib/is-user-auth.ts"
2026-04-23T14:44:18.599832Z  INFO tailwindcss_oxide::scanner: Reading "/app/app/modules/profile/store/index.ts"
2026-04-23T14:44:18.599915Z  INFO tailwindcss_oxide::scanner: Reading "/app/package.json"
2026-04-23T14:44:18.599983Z  INFO tailwindcss_oxide::scanner: Reading "/app/app/modules/profile/service/index.ts"
2026-04-23T14:44:18.599562Z  INFO tailwindcss_oxide::scanner: Reading "/app/app/modules/news/pages/NewsFeed.tsx"
2026-04-23T14:44:18.600160Z  INFO tailwindcss_oxide::scanner: Reading "/app/app/modules/news/pages/news-dialog/NewsDialog.tsx"
2026-04-23T14:44:18.600367Z  INFO tailwindcss_oxide::scanner: Reading "/app/app/modules/profile/ui/profile-widget/not-auth-user/NotUserAuth.tsx"
2026-04-23T14:44:18.600417Z  INFO tailwindcss_oxide::scanner: Reading "/app/app/store/store.ts"
2026-04-23T14:44:18.600525Z  INFO tailwindcss_oxide::scanner: Reading "/app/tsconfig.json"
2026-04-23T14:44:18.600615Z  INFO tailwindcss_oxide::scanner: Reading "/app/app/modules/news/types/index.ts"
2026-04-23T14:44:18.600626Z  INFO tailwindcss_oxide::scanner: Reading "/app/vite.config.ts"
2026-04-23T14:44:18.601407Z  INFO discover_sources: tailwindcss_oxide::scanner: exit
2026-04-23T14:44:18.601480Z  INFO extract_candidates: tailwindcss_oxide::scanner: enter
2026-04-23T14:44:18.601525Z  INFO extract_candidates:parse_all_blobs: tailwindcss_oxide::scanner: enter
2026-04-23T14:44:18.601611Z  INFO extract_candidates:parse_all_blobs:extract: tailwindcss_oxide::scanner: enter
2026-04-23T14:44:18.604700Z  INFO extract_candidates:parse_all_blobs:extract: tailwindcss_oxide::scanner: exit
2026-04-23T14:44:18.604765Z  INFO extract_candidates:parse_all_blobs: tailwindcss_oxide::scanner: exit
2026-04-23T14:44:18.604816Z  INFO extract_candidates:read_all_files: tailwindcss_oxide::scanner: enter
2026-04-23T14:44:18.604869Z  INFO extract_candidates:read_all_files: tailwindcss_oxide::scanner: Reading 1 file(s)
2026-04-23T14:44:18.605079Z  INFO extract_candidates:read_all_files: tailwindcss_oxide::scanner: Reading "/app/app/app.css"
2026-04-23T14:44:18.605120Z  INFO extract_candidates:read_all_files: tailwindcss_oxide::scanner: exit
2026-04-23T14:44:18.605156Z  INFO extract_candidates:extract_css_variables: tailwindcss_oxide::scanner: enter
2026-04-23T14:44:18.605191Z  INFO extract_candidates:extract_css_variables:extract: tailwindcss_oxide::scanner: enter
2026-04-23T14:44:18.605441Z  INFO extract_candidates:extract_css_variables:extract: tailwindcss_oxide::scanner: exit
2026-04-23T14:44:18.605517Z  INFO extract_candidates:extract_css_variables: tailwindcss_oxide::scanner: exit
2026-04-23T14:44:18.605613Z  INFO extract_candidates: tailwindcss_oxide::scanner: exit
2026-04-23T14:44:18.605844Z  INFO get_files: tailwindcss_oxide::scanner: enter
2026-04-23T14:44:18.605906Z  INFO get_files:discover_sources: tailwindcss_oxide::scanner: enter
2026-04-23T14:44:18.606003Z  INFO get_files:discover_sources: tailwindcss_oxide::scanner: exit
2026-04-23T14:44:18.606146Z  INFO get_files: tailwindcss_oxide::scanner: exit
2026-04-23T14:44:18.606344Z  INFO get_globs: tailwindcss_oxide::scanner: enter
2026-04-23T14:44:18.606402Z  INFO get_globs:discover_sources: tailwindcss_oxide::scanner: enter
2026-04-23T14:44:18.606443Z  INFO get_globs:discover_sources: tailwindcss_oxide::scanner: exit
2026-04-23T14:44:18.616123Z  INFO get_globs: tailwindcss_oxide::scanner: exit
2026-04-23T14:44:19.844422Z  INFO discover_sources: tailwindcss_oxide::scanner: enter
2026-04-23T14:44:19.844784Z  INFO discover_sources:walk_parallel: tailwindcss_oxide::scanner: enter
2026-04-23T14:44:19.854667Z  INFO discover_sources:walk_parallel: tailwindcss_oxide::scanner: exit
2026-04-23T14:44:19.856438Z  INFO tailwindcss_oxide::scanner: Reading "/app/package.json"
2026-04-23T14:44:19.856456Z  INFO tailwindcss_oxide::scanner: Reading "/app/app/modules/news/pages/news-item/NewsItem.tsx"
2026-04-23T14:44:19.856467Z  INFO tailwindcss_oxide::scanner: Reading "/app/app/shared/api/http.ts"
2026-04-23T14:44:19.856787Z  INFO tailwindcss_oxide::scanner: Reading "/app/.dockerignore"
2026-04-23T14:44:19.856477Z  INFO tailwindcss_oxide::scanner: Reading "/app/app/modules/news/service/index.ts"
2026-04-23T14:44:19.856471Z  INFO tailwindcss_oxide::scanner: Reading "/app/app/modules/profile/ui/profile-widget/ProfileWidget.tsx"
2026-04-23T14:44:19.856508Z  INFO tailwindcss_oxide::scanner: Reading "/app/app/modules/profile/ui/profile-widget/auth-user/AuthUserWidget.tsx"
2026-04-23T14:44:19.856524Z  INFO tailwindcss_oxide::scanner: Reading "/app/app/routes.ts"
2026-04-23T14:44:19.857471Z  INFO tailwindcss_oxide::scanner: Reading "/app/app/root.tsx"
2026-04-23T14:44:19.857018Z  INFO tailwindcss_oxide::scanner: Reading "/app/app/modules/profile/service/index.ts"
2026-04-23T14:44:19.857087Z  INFO tailwindcss_oxide::scanner: Reading "/app/app/modules/profile/store/index.ts"
2026-04-23T14:44:19.857192Z  INFO tailwindcss_oxide::scanner: Reading "/app/README.md"
2026-04-23T14:44:19.857479Z  INFO tailwindcss_oxide::scanner: Reading "/app/app/store/store.ts"
2026-04-23T14:44:19.856467Z  INFO tailwindcss_oxide::scanner: Reading "/app/app/modules/profile/types/index.ts"
2026-04-23T14:44:19.857614Z  INFO tailwindcss_oxide::scanner: Reading "/app/app/modules/profile/ui/profile-widget/auth-user/edit-profile/EditProfile.tsx"
2026-04-23T14:44:19.857730Z  INFO tailwindcss_oxide::scanner: Reading "/app/vite.config.ts"
2026-04-23T14:44:19.858312Z  INFO tailwindcss_oxide::scanner: Reading "/app/app/modules/profile/ui/profile-widget/not-auth-user/NotUserAuth.tsx"
2026-04-23T14:44:19.857982Z  INFO tailwindcss_oxide::scanner: Reading "/app/app/modules/news/api/index.ts"
2026-04-23T14:44:19.857990Z  INFO tailwindcss_oxide::scanner: Reading "/app/app/modules/news/pages/news-dialog/NewsDialog.tsx"
2026-04-23T14:44:19.858640Z  INFO tailwindcss_oxide::scanner: Reading "/app/app/modules/news/pages/NewsFeed.tsx"
2026-04-23T14:44:19.858759Z  INFO tailwindcss_oxide::scanner: Reading "/app/app/shared/layout/CenterContent.tsx"
2026-04-23T14:44:19.858350Z  INFO tailwindcss_oxide::scanner: Reading "/app/app/modules/news/types/index.ts"
2026-04-23T14:44:19.858491Z  INFO tailwindcss_oxide::scanner: Reading "/app/app/modules/news/routes/index.ts"
2026-04-23T14:44:19.858655Z  INFO tailwindcss_oxide::scanner: Reading "/app/app/modules/profile/api/index.ts"
2026-04-23T14:44:19.858078Z  INFO tailwindcss_oxide::scanner: Reading "/app/tsconfig.json"
2026-04-23T14:44:19.857829Z  INFO tailwindcss_oxide::scanner: Reading "/app/react-router.config.ts"
2026-04-23T14:44:19.858868Z  INFO tailwindcss_oxide::scanner: Reading "/app/app/modules/profile/lib/is-user-auth.ts"
2026-04-23T14:44:19.858991Z  INFO tailwindcss_oxide::scanner: Reading "/app/Dockerfile"
2026-04-23T14:44:19.859852Z  INFO discover_sources: tailwindcss_oxide::scanner: exit
2026-04-23T14:44:19.859924Z  INFO extract_candidates: tailwindcss_oxide::scanner: enter
2026-04-23T14:44:19.859972Z  INFO extract_candidates:parse_all_blobs: tailwindcss_oxide::scanner: enter
2026-04-23T14:44:19.860081Z  INFO extract_candidates:parse_all_blobs:extract: tailwindcss_oxide::scanner: enter
2026-04-23T14:44:19.862834Z  INFO extract_candidates:parse_all_blobs:extract: tailwindcss_oxide::scanner: exit
2026-04-23T14:44:19.862962Z  INFO extract_candidates:parse_all_blobs: tailwindcss_oxide::scanner: exit
2026-04-23T14:44:19.863079Z  INFO extract_candidates:read_all_files: tailwindcss_oxide::scanner: enter
2026-04-23T14:44:19.863194Z  INFO extract_candidates:read_all_files: tailwindcss_oxide::scanner: Reading 1 file(s)
2026-04-23T14:44:19.863837Z  INFO extract_candidates:read_all_files: tailwindcss_oxide::scanner: Reading "/app/app/app.css"
2026-04-23T14:44:19.864280Z  INFO extract_candidates:read_all_files: tailwindcss_oxide::scanner: exit
2026-04-23T14:44:19.864365Z  INFO extract_candidates:extract_css_variables: tailwindcss_oxide::scanner: enter
2026-04-23T14:44:19.864425Z  INFO extract_candidates:extract_css_variables:extract: tailwindcss_oxide::scanner: enter
2026-04-23T14:44:19.864796Z  INFO extract_candidates:extract_css_variables:extract: tailwindcss_oxide::scanner: exit
2026-04-23T14:44:19.864945Z  INFO extract_candidates:extract_css_variables: tailwindcss_oxide::scanner: exit
2026-04-23T14:44:19.865116Z  INFO extract_candidates: tailwindcss_oxide::scanner: exit
2026-04-23T14:44:19.865529Z  INFO get_files: tailwindcss_oxide::scanner: enter
2026-04-23T14:44:19.865599Z  INFO get_files:discover_sources: tailwindcss_oxide::scanner: enter
2026-04-23T14:44:19.865661Z  INFO get_files:discover_sources: tailwindcss_oxide::scanner: exit
2026-04-23T14:44:19.865832Z  INFO get_files: tailwindcss_oxide::scanner: exit
2026-04-23T14:44:19.866089Z  INFO get_globs: tailwindcss_oxide::scanner: enter
2026-04-23T14:44:19.866197Z  INFO get_globs: tailwindcss_oxide::scanner: exit
2026-04-23T14:44:20.043479Z  INFO tailwindcss_oxide::scanner: Provided sources:
2026-04-23T14:44:20.043607Z  INFO tailwindcss_oxide::scanner: Source: PublicSourceEntry { base: "/app", pattern: "**/*", negated: false }
2026-04-23T14:44:20.043690Z  INFO tailwindcss_oxide::scanner: Optimized sources:
2026-04-23T14:44:20.043767Z  INFO tailwindcss_oxide::scanner: Source: Auto { base: "/app" }
